TutorialAr2/Temp/gradleOut/launcher/build/intermediates/manifest_merge_blame_file/release/manifest-merger-blame-release-report.txt
1<?xml version="1.0" encoding="utf-8"?>
2<!-- GENERATED BY UNITY. REMOVE THIS COMMENT TO PREVENT OVERWRITING WHEN EXPORTING AGAIN -->
3<manifest xmlns:android="http://schemas.android.com/apk/res/android"
4    package="com.DefaultCompany.projectTest"
5    android:installLocation="preferExternal"
6    android:versionCode="1"
7    android:versionName="0.1" >
8
9    <uses-sdk
10        android:minSdkVersion="26"
10-->src\main\AndroidManifest.xml
11        android:targetSdkVersion="29" />
11-->src\main\AndroidManifest.xml
12
13    <supports-screens
13-->src\main\AndroidManifest.xml:4:3-163
14        android:anyDensity="true"
14-->src\main\AndroidManifest.xml:4:135-160
15        android:largeScreens="true"
15-->src\main\AndroidManifest.xml:4:78-105
16        android:normalScreens="true"
16-->src\main\AndroidManifest.xml:4:49-77
17        android:smallScreens="true"
17-->src\main\AndroidManifest.xml:4:21-48
18        android:xlargeScreens="true" />
18-->src\main\AndroidManifest.xml:4:106-134
19
20    <uses-feature android:glEsVersion="0x00030000" />
20-->[:unityLibrary] AndroidManifest.xml:13:5-54
20-->[:unityLibrary] AndroidManifest.xml:13:19-51
21
22    <uses-permission android:name="android.permission.INTERNET" />
22-->[:unityLibrary] AndroidManifest.xml:15:5-67
22-->[:unityLibrary] AndroidManifest.xml:15:22-64
23    <uses-permission android:name="android.permission.CAMERA" />
23-->[:unityLibrary] AndroidManifest.xml:16:5-65
23-->[:unityLibrary] AndroidManifest.xml:16:22-62
24
25    <uses-feature
25-->[:unityLibrary] AndroidManifest.xml:18:5-20:36
26        android:name="android.hardware.camera"
26-->[:unityLibrary] AndroidManifest.xml:19:9-47
27        android:required="false" />
27-->[:unityLibrary] AndroidManifest.xml:20:9-33
28    <uses-feature
28-->[:unityLibrary] AndroidManifest.xml:21:5-23:36
29        android:name="android.hardware.camera.autofocus"
29-->[:unityLibrary] AndroidManifest.xml:22:9-57
30        android:required="false" />
30-->[:unityLibrary] AndroidManifest.xml:23:9-33
31    <uses-feature
31-->[:unityLibrary] AndroidManifest.xml:24:5-26:36
32        android:name="android.hardware.camera.front"
32-->[:unityLibrary] AndroidManifest.xml:25:9-53
33        android:required="false" />
33-->[:unityLibrary] AndroidManifest.xml:26:9-33
34    <uses-feature
34-->[:unityLibrary] AndroidManifest.xml:27:5-29:36
35        android:name="android.hardware.touchscreen"
35-->[:unityLibrary] AndroidManifest.xml:28:9-52
36        android:required="false" />
36-->[:unityLibrary] AndroidManifest.xml:29:9-33
37    <uses-feature
37-->[:unityLibrary] AndroidManifest.xml:30:5-32:36
38        android:name="android.hardware.touchscreen.multitouch"
38-->[:unityLibrary] AndroidManifest.xml:31:9-63
39        android:required="false" />
39-->[:unityLibrary] AndroidManifest.xml:32:9-33
40    <uses-feature
40-->[:unityLibrary] AndroidManifest.xml:33:5-35:36
41        android:name="android.hardware.touchscreen.multitouch.distinct"
41-->[:unityLibrary] AndroidManifest.xml:34:9-72
42        android:required="false" />
42-->[:unityLibrary] AndroidManifest.xml:35:9-33
43    <uses-feature
43-->[:unityLibrary] AndroidManifest.xml:36:5-38:35
44        android:name="android.hardware.camera.ar"
44-->[:unityLibrary] AndroidManifest.xml:37:9-50
45        android:required="true" />
45-->[:unityLibrary] AndroidManifest.xml:38:9-32
46
47    <queries>
47-->[:arcore_client:] AndroidManifest.xml:29:5-31:15
48        <package android:name="com.google.ar.core" />
48-->[:arcore_client:] AndroidManifest.xml:30:9-54
48-->[:arcore_client:] AndroidManifest.xml:30:18-51
49    </queries>
50
51    <application
51-->src\main\AndroidManifest.xml:5:3-116
52        android:extractNativeLibs="true"
52-->src\main\AndroidManifest.xml:5:16-48
53        android:icon="@mipmap/app_icon"
53-->src\main\AndroidManifest.xml:5:82-113
54        android:label="@string/app_name" >
54-->src\main\AndroidManifest.xml:5:49-81
55        <activity
55-->[:unityLibrary] AndroidManifest.xml:41:9-60:20
56            android:name="com.unity3d.player.UnityPlayerActivity"
56-->[:unityLibrary] AndroidManifest.xml:42:13-66
57            android:configChanges="mcc|mnc|locale|touchscreen|keyboard|keyboardHidden|navigation|orientation|screenLayout|uiMode|screenSize|smallestScreenSize|fontScale|layoutDirection|density"
57-->[:unityLibrary] AndroidManifest.xml:43:13-194
58            android:hardwareAccelerated="false"
58-->[:unityLibrary] AndroidManifest.xml:44:13-48
59            android:launchMode="singleTask"
59-->[:unityLibrary] AndroidManifest.xml:45:13-44
60            android:screenOrientation="landscape"
60-->[:unityLibrary] AndroidManifest.xml:46:13-50
61            android:theme="@style/UnityThemeSelector" >
61-->[:unityLibrary] AndroidManifest.xml:47:13-54
62            <intent-filter>
62-->[:unityLibrary] AndroidManifest.xml:48:13-52:29
63                <action android:name="android.intent.action.MAIN" />
63-->[:unityLibrary] AndroidManifest.xml:49:17-69
63-->[:unityLibrary] AndroidManifest.xml:49:25-66
64
65                <category android:name="android.intent.category.LAUNCHER" />
65-->[:unityLibrary] AndroidManifest.xml:51:17-77
65-->[:unityLibrary] AndroidManifest.xml:51:27-74
66            </intent-filter>
67
68            <meta-data
68-->[:unityLibrary] AndroidManifest.xml:54:13-56:40
69                android:name="unityplayer.UnityActivity"
69-->[:unityLibrary] AndroidManifest.xml:55:17-57
70                android:value="true" />
70-->[:unityLibrary] AndroidManifest.xml:56:17-37
71            <meta-data
71-->[:unityLibrary] AndroidManifest.xml:57:13-59:40
72                android:name="android.notch_support"
72-->[:unityLibrary] AndroidManifest.xml:58:17-53
73                android:value="true" />
73-->[:unityLibrary] AndroidManifest.xml:59:17-37
74        </activity>
75
76        <meta-data
76-->[:unityLibrary] AndroidManifest.xml:62:9-64:33
77            android:name="unity.splash-mode"
77-->[:unityLibrary] AndroidManifest.xml:63:13-45
78            android:value="0" />
78-->[:unityLibrary] AndroidManifest.xml:64:13-30
79        <meta-data
79-->[:unityLibrary] AndroidManifest.xml:65:9-67:36
80            android:name="unity.splash-enable"
80-->[:unityLibrary] AndroidManifest.xml:66:13-47
81            android:value="True" />
81-->[:unityLibrary] AndroidManifest.xml:67:13-33
82        <meta-data
82-->[:unityLibrary] AndroidManifest.xml:68:9-70:50
83            android:name="notch.config"
83-->[:unityLibrary] AndroidManifest.xml:69:13-40
84            android:value="portrait|landscape" />
84-->[:unityLibrary] AndroidManifest.xml:70:13-47
85        <meta-data
85-->[:unityLibrary] AndroidManifest.xml:71:9-73:68
86            android:name="unity.build-id"
86-->[:unityLibrary] AndroidManifest.xml:72:13-42
87            android:value="0d37eced-54f9-4037-9a77-19d12714ea53" />
87-->[:unityLibrary] AndroidManifest.xml:73:13-65
88        <meta-data
88-->[:unityLibrary] AndroidManifest.xml:74:9-76:36
89            android:name="unityplayer.SkipPermissionsDialog"
89-->[:unityLibrary] AndroidManifest.xml:75:13-61
90            android:value="true" />
90-->[:unityLibrary] AndroidManifest.xml:76:13-33
91        <meta-data
91-->[:unityLibrary] AndroidManifest.xml:77:9-79:40
92            android:name="com.google.ar.core"
92-->[:unityLibrary] AndroidManifest.xml:78:13-46
93            android:value="required" /> <!-- The minimal version code of ARCore APK required for an app using this SDK. -->
93-->[:unityLibrary] AndroidManifest.xml:79:13-37
94        <meta-data
94-->[:arcore_client:] AndroidManifest.xml:36:9-38:41
95            android:name="com.google.ar.core.min_apk_version"
95-->[:arcore_client:] AndroidManifest.xml:37:13-62
96            android:value="201750000" /> <!-- This activity is critical for installing ARCore when it is not already present. -->
96-->[:arcore_client:] AndroidManifest.xml:38:13-38
97        <activity
97-->[:arcore_client:] AndroidManifest.xml:40:9-46:80
98            android:name="com.google.ar.core.InstallActivity"
98-->[:arcore_client:] AndroidManifest.xml:41:13-62
99            android:configChanges="keyboardHidden|orientation|screenSize"
99-->[:arcore_client:] AndroidManifest.xml:42:13-74
100            android:excludeFromRecents="true"
100-->[:arcore_client:] AndroidManifest.xml:43:13-46
101            android:exported="false"
101-->[:arcore_client:] AndroidManifest.xml:44:13-37
102            android:launchMode="singleTop"
102-->[:arcore_client:] AndroidManifest.xml:45:13-43
103            android:theme="@android:style/Theme.Material.Light.Dialog.Alert" />
103-->[:arcore_client:] AndroidManifest.xml:46:13-77
104    </application>
105
106</manifest>